-------------------------------------------------------------------------------
Test set: nonprofitbookkeeping.service.AccountServiceTest
-------------------------------------------------------------------------------
Tests run: 16, Failures: 1, Errors: 1, Skipped: 0, Time elapsed: 0.098 s <<< FAILURE! -- in nonprofitbookkeeping.service.AccountServiceTest
nonprofitbookkeeping.service.AccountServiceTest.testGetAllAccounts_ensureReturnedListIsCopy -- Time elapsed: 0.005 s <<< FAILURE!
org.opentest4j.AssertionFailedError: If getAllAccounts returned an unmodifiable list, adding would throw UOE. If it's a mutable copy, this won't throw. ==> Expected java.lang.UnsupportedOperationException to be thrown, but nothing was thrown.
	at org.junit.jupiter.api.AssertionFailureBuilder.build(AssertionFailureBuilder.java:152)
	at org.junit.jupiter.api.AssertThrows.assertThrows(AssertThrows.java:73)
	at org.junit.jupiter.api.AssertThrows.assertThrows(AssertThrows.java:39)
	at org.junit.jupiter.api.Assertions.assertThrows(Assertions.java:3153)
	at nonprofitbookkeeping.service.AccountServiceTest.testGetAllAccounts_ensureReturnedListIsCopy(AccountServiceTest.java:121)
	at java.base/java.lang.reflect.Method.invoke(Method.java:568)
	at java.base/java.util.ArrayList.forEach(ArrayList.java:1511)
	at java.base/java.util.ArrayList.forEach(ArrayList.java:1511)

nonprofitbookkeeping.service.AccountServiceTest.testAddAccount_accountWithNullId_shouldBeIgnored -- Time elapsed: 0.002 s <<< ERROR!
java.lang.NullPointerException
	at com.google.common.base.Preconditions.checkNotNull(Preconditions.java:878)
	at nonprofitbookkeeping.model.Account.<init>(Account.java:64)
	at nonprofitbookkeeping.service.AccountServiceTest.testAddAccount_accountWithNullId_shouldBeIgnored(AccountServiceTest.java:50)
	at java.base/java.lang.reflect.Method.invoke(Method.java:568)
	at java.base/java.util.ArrayList.forEach(ArrayList.java:1511)
	at java.base/java.util.ArrayList.forEach(ArrayList.java:1511)

