-------------------------------------------------------------------------------
Test set: nonprofitbookkeeping.service.ReconciliationServiceTest
-------------------------------------------------------------------------------
Tests run: 21, Failures: 0, Errors: 21, Skipped: 0, Time elapsed: 0.034 s <<< FAILURE! -- in nonprofitbookkeeping.service.ReconciliationServiceTest
nonprofitbookkeeping.service.ReconciliationServiceTest.testReconcile_reconcileAllTransactionsForAccount_emptiesListForThatAccount -- Time elapsed: 0.002 s <<< ERROR!
org.mockito.exceptions.misusing.UnfinishedMockingSessionException: 

Unfinished mocking session detected.
Previous MockitoSession was not concluded with 'finishMocking()'.
For examples of correct usage see javadoc for MockitoSession class.
	at org.mockito.junit.jupiter.MockitoExtension.beforeEach(MockitoExtension.java:153)
	at java.base/java.util.ArrayList.forEach(ArrayList.java:1511)
	at java.base/java.util.ArrayList.forEach(ArrayList.java:1511)
	Suppressed: java.lang.NullPointerException: Cannot invoke "java.util.Set.forEach(java.util.function.Consumer)" because the return value of "org.junit.jupiter.api.extension.ExtensionContext$Store.remove(Object, java.lang.Class)" is null
		at org.mockito.junit.jupiter.MockitoExtension.afterEach(MockitoExtension.java:184)
		... 2 more

nonprofitbookkeeping.service.ReconciliationServiceTest.testReconcile_transactionWithNullId_isNotRemoved -- Time elapsed: 0 s <<< ERROR!
org.mockito.exceptions.misusing.UnfinishedMockingSessionException: 

Unfinished mocking session detected.
Previous MockitoSession was not concluded with 'finishMocking()'.
For examples of correct usage see javadoc for MockitoSession class.
	at org.mockito.junit.jupiter.MockitoExtension.beforeEach(MockitoExtension.java:153)
	at java.base/java.util.ArrayList.forEach(ArrayList.java:1511)
	at java.base/java.util.ArrayList.forEach(ArrayList.java:1511)
	Suppressed: java.lang.NullPointerException: Cannot invoke "java.util.Set.forEach(java.util.function.Consumer)" because the return value of "org.junit.jupiter.api.extension.ExtensionContext$Store.remove(Object, java.lang.Class)" is null
		at org.mockito.junit.jupiter.MockitoExtension.afterEach(MockitoExtension.java:184)
		... 2 more

nonprofitbookkeeping.service.ReconciliationServiceTest.testAddTransactionToReconcile_nullTransaction_isIgnored -- Time elapsed: 0.001 s <<< ERROR!
org.mockito.exceptions.misusing.UnfinishedMockingSessionException: 

Unfinished mocking session detected.
Previous MockitoSession was not concluded with 'finishMocking()'.
For examples of correct usage see javadoc for MockitoSession class.
	at org.mockito.junit.jupiter.MockitoExtension.beforeEach(MockitoExtension.java:153)
	at java.base/java.util.ArrayList.forEach(ArrayList.java:1511)
	at java.base/java.util.ArrayList.forEach(ArrayList.java:1511)
	Suppressed: java.lang.NullPointerException: Cannot invoke "java.util.Set.forEach(java.util.function.Consumer)" because the return value of "org.junit.jupiter.api.extension.ExtensionContext$Store.remove(Object, java.lang.Class)" is null
		at org.mockito.junit.jupiter.MockitoExtension.afterEach(MockitoExtension.java:184)
		... 2 more

nonprofitbookkeeping.service.ReconciliationServiceTest.testGetUnreconciled_transactionWithNullAccount_isSkipped -- Time elapsed: 0.001 s <<< ERROR!
org.mockito.exceptions.misusing.UnfinishedMockingSessionException: 

Unfinished mocking session detected.
Previous MockitoSession was not concluded with 'finishMocking()'.
For examples of correct usage see javadoc for MockitoSession class.
	at org.mockito.junit.jupiter.MockitoExtension.beforeEach(MockitoExtension.java:153)
	at java.base/java.util.ArrayList.forEach(ArrayList.java:1511)
	at java.base/java.util.ArrayList.forEach(ArrayList.java:1511)
	Suppressed: java.lang.NullPointerException: Cannot invoke "java.util.Set.forEach(java.util.function.Consumer)" because the return value of "org.junit.jupiter.api.extension.ExtensionContext$Store.remove(Object, java.lang.Class)" is null
		at org.mockito.junit.jupiter.MockitoExtension.afterEach(MockitoExtension.java:184)
		... 2 more

nonprofitbookkeeping.service.ReconciliationServiceTest.testReconcile_clearedIdsDoNotMatchAnyTransactions_noChange -- Time elapsed: 0.001 s <<< ERROR!
org.mockito.exceptions.misusing.UnfinishedMockingSessionException: 

Unfinished mocking session detected.
Previous MockitoSession was not concluded with 'finishMocking()'.
For examples of correct usage see javadoc for MockitoSession class.
	at org.mockito.junit.jupiter.MockitoExtension.beforeEach(MockitoExtension.java:153)
	at java.base/java.util.ArrayList.forEach(ArrayList.java:1511)
	at java.base/java.util.ArrayList.forEach(ArrayList.java:1511)
	Suppressed: java.lang.NullPointerException: Cannot invoke "java.util.Set.forEach(java.util.function.Consumer)" because the return value of "org.junit.jupiter.api.extension.ExtensionContext$Store.remove(Object, java.lang.Class)" is null
		at org.mockito.junit.jupiter.MockitoExtension.afterEach(MockitoExtension.java:184)
		... 2 more

nonprofitbookkeeping.service.ReconciliationServiceTest.testReconcile_blankAccountId_noChange -- Time elapsed: 0.001 s <<< ERROR!
org.mockito.exceptions.misusing.UnfinishedMockingSessionException: 

Unfinished mocking session detected.
Previous MockitoSession was not concluded with 'finishMocking()'.
For examples of correct usage see javadoc for MockitoSession class.
	at org.mockito.junit.jupiter.MockitoExtension.beforeEach(MockitoExtension.java:153)
	at java.base/java.util.ArrayList.forEach(ArrayList.java:1511)
	at java.base/java.util.ArrayList.forEach(ArrayList.java:1511)
	Suppressed: java.lang.NullPointerException: Cannot invoke "java.util.Set.forEach(java.util.function.Consumer)" because the return value of "org.junit.jupiter.api.extension.ExtensionContext$Store.remove(Object, java.lang.Class)" is null
		at org.mockito.junit.jupiter.MockitoExtension.afterEach(MockitoExtension.java:184)
		... 2 more

nonprofitbookkeeping.service.ReconciliationServiceTest.testGetUnreconciled_accountIdWithNoTransactions_returnsEmptyList -- Time elapsed: 0.002 s <<< ERROR!
org.mockito.exceptions.misusing.UnfinishedMockingSessionException: 

Unfinished mocking session detected.
Previous MockitoSession was not concluded with 'finishMocking()'.
For examples of correct usage see javadoc for MockitoSession class.
	at org.mockito.junit.jupiter.MockitoExtension.beforeEach(MockitoExtension.java:153)
	at java.base/java.util.ArrayList.forEach(ArrayList.java:1511)
	at java.base/java.util.ArrayList.forEach(ArrayList.java:1511)
	Suppressed: java.lang.NullPointerException: Cannot invoke "java.util.Set.forEach(java.util.function.Consumer)" because the return value of "org.junit.jupiter.api.extension.ExtensionContext$Store.remove(Object, java.lang.Class)" is null
		at org.mockito.junit.jupiter.MockitoExtension.afterEach(MockitoExtension.java:184)
		... 2 more

nonprofitbookkeeping.service.ReconciliationServiceTest.testConstructor_newInstance_unreconciledListIsEmpty -- Time elapsed: 0.001 s <<< ERROR!
org.mockito.exceptions.misusing.UnfinishedMockingSessionException: 

Unfinished mocking session detected.
Previous MockitoSession was not concluded with 'finishMocking()'.
For examples of correct usage see javadoc for MockitoSession class.
	at org.mockito.junit.jupiter.MockitoExtension.beforeEach(MockitoExtension.java:153)
	at java.base/java.util.ArrayList.forEach(ArrayList.java:1511)
	at java.base/java.util.ArrayList.forEach(ArrayList.java:1511)
	Suppressed: java.lang.NullPointerException: Cannot invoke "java.util.Set.forEach(java.util.function.Consumer)" because the return value of "org.junit.jupiter.api.extension.ExtensionContext$Store.remove(Object, java.lang.Class)" is null
		at org.mockito.junit.jupiter.MockitoExtension.afterEach(MockitoExtension.java:184)
		... 2 more

nonprofitbookkeeping.service.ReconciliationServiceTest.testAddTransactionToReconcile_validTransaction_isAdded -- Time elapsed: 0 s <<< ERROR!
org.mockito.exceptions.misusing.UnfinishedMockingSessionException: 

Unfinished mocking session detected.
Previous MockitoSession was not concluded with 'finishMocking()'.
For examples of correct usage see javadoc for MockitoSession class.
	at org.mockito.junit.jupiter.MockitoExtension.beforeEach(MockitoExtension.java:153)
	at java.base/java.util.ArrayList.forEach(ArrayList.java:1511)
	at java.base/java.util.ArrayList.forEach(ArrayList.java:1511)
	Suppressed: java.lang.NullPointerException: Cannot invoke "java.util.Set.forEach(java.util.function.Consumer)" because the return value of "org.junit.jupiter.api.extension.ExtensionContext$Store.remove(Object, java.lang.Class)" is null
		at org.mockito.junit.jupiter.MockitoExtension.afterEach(MockitoExtension.java:184)
		... 2 more

nonprofitbookkeeping.service.ReconciliationServiceTest.testListReconcilableAccounts_noTransactions_returnsEmptyList -- Time elapsed: 0.001 s <<< ERROR!
org.mockito.exceptions.misusing.UnfinishedMockingSessionException: 

Unfinished mocking session detected.
Previous MockitoSession was not concluded with 'finishMocking()'.
For examples of correct usage see javadoc for MockitoSession class.
	at org.mockito.junit.jupiter.MockitoExtension.beforeEach(MockitoExtension.java:153)
	at java.base/java.util.ArrayList.forEach(ArrayList.java:1511)
	at java.base/java.util.ArrayList.forEach(ArrayList.java:1511)
	Suppressed: java.lang.NullPointerException: Cannot invoke "java.util.Set.forEach(java.util.function.Consumer)" because the return value of "org.junit.jupiter.api.extension.ExtensionContext$Store.remove(Object, java.lang.Class)" is null
		at org.mockito.junit.jupiter.MockitoExtension.afterEach(MockitoExtension.java:184)
		... 2 more

nonprofitbookkeeping.service.ReconciliationServiceTest.testReconcile_nullClearedTransactionIds_noChange -- Time elapsed: 0.001 s <<< ERROR!
org.mockito.exceptions.misusing.UnfinishedMockingSessionException: 

Unfinished mocking session detected.
Previous MockitoSession was not concluded with 'finishMocking()'.
For examples of correct usage see javadoc for MockitoSession class.
	at org.mockito.junit.jupiter.MockitoExtension.beforeEach(MockitoExtension.java:153)
	at java.base/java.util.ArrayList.forEach(ArrayList.java:1511)
	at java.base/java.util.ArrayList.forEach(ArrayList.java:1511)
	Suppressed: java.lang.NullPointerException: Cannot invoke "java.util.Set.forEach(java.util.function.Consumer)" because the return value of "org.junit.jupiter.api.extension.ExtensionContext$Store.remove(Object, java.lang.Class)" is null
		at org.mockito.junit.jupiter.MockitoExtension.afterEach(MockitoExtension.java:184)
		... 2 more

nonprofitbookkeeping.service.ReconciliationServiceTest.testReconcile_validInput_removesClearedTransactionsForSpecificAccount -- Time elapsed: 0 s <<< ERROR!
org.mockito.exceptions.misusing.UnfinishedMockingSessionException: 

Unfinished mocking session detected.
Previous MockitoSession was not concluded with 'finishMocking()'.
For examples of correct usage see javadoc for MockitoSession class.
	at org.mockito.junit.jupiter.MockitoExtension.beforeEach(MockitoExtension.java:153)
	at java.base/java.util.ArrayList.forEach(ArrayList.java:1511)
	at java.base/java.util.ArrayList.forEach(ArrayList.java:1511)
	Suppressed: java.lang.NullPointerException: Cannot invoke "java.util.Set.forEach(java.util.function.Consumer)" because the return value of "org.junit.jupiter.api.extension.ExtensionContext$Store.remove(Object, java.lang.Class)" is null
		at org.mockito.junit.jupiter.MockitoExtension.afterEach(MockitoExtension.java:184)
		... 2 more

nonprofitbookkeeping.service.ReconciliationServiceTest.testGetUnreconciled_blankAccountId_returnsEmptyList -- Time elapsed: 0 s <<< ERROR!
org.mockito.exceptions.misusing.UnfinishedMockingSessionException: 

Unfinished mocking session detected.
Previous MockitoSession was not concluded with 'finishMocking()'.
For examples of correct usage see javadoc for MockitoSession class.
	at org.mockito.junit.jupiter.MockitoExtension.beforeEach(MockitoExtension.java:153)
	at java.base/java.util.ArrayList.forEach(ArrayList.java:1511)
	at java.base/java.util.ArrayList.forEach(ArrayList.java:1511)
	Suppressed: java.lang.NullPointerException: Cannot invoke "java.util.Set.forEach(java.util.function.Consumer)" because the return value of "org.junit.jupiter.api.extension.ExtensionContext$Store.remove(Object, java.lang.Class)" is null
		at org.mockito.junit.jupiter.MockitoExtension.afterEach(MockitoExtension.java:184)
		... 2 more

nonprofitbookkeeping.service.ReconciliationServiceTest.testGetUnreconciled_transactionsForSpecificAccount_returnsOnlyMatchingTransactions -- Time elapsed: 0.001 s <<< ERROR!
org.mockito.exceptions.misusing.UnfinishedMockingSessionException: 

Unfinished mocking session detected.
Previous MockitoSession was not concluded with 'finishMocking()'.
For examples of correct usage see javadoc for MockitoSession class.
	at org.mockito.junit.jupiter.MockitoExtension.beforeEach(MockitoExtension.java:153)
	at java.base/java.util.ArrayList.forEach(ArrayList.java:1511)
	at java.base/java.util.ArrayList.forEach(ArrayList.java:1511)
	Suppressed: java.lang.NullPointerException: Cannot invoke "java.util.Set.forEach(java.util.function.Consumer)" because the return value of "org.junit.jupiter.api.extension.ExtensionContext$Store.remove(Object, java.lang.Class)" is null
		at org.mockito.junit.jupiter.MockitoExtension.afterEach(MockitoExtension.java:184)
		... 2 more

nonprofitbookkeeping.service.ReconciliationServiceTest.testGetUnreconciled_noTransactionsAdded_returnsEmptyList -- Time elapsed: 0.002 s <<< ERROR!
org.mockito.exceptions.misusing.UnfinishedMockingSessionException: 

Unfinished mocking session detected.
Previous MockitoSession was not concluded with 'finishMocking()'.
For examples of correct usage see javadoc for MockitoSession class.
	at org.mockito.junit.jupiter.MockitoExtension.beforeEach(MockitoExtension.java:153)
	at java.base/java.util.ArrayList.forEach(ArrayList.java:1511)
	at java.base/java.util.ArrayList.forEach(ArrayList.java:1511)
	Suppressed: java.lang.NullPointerException: Cannot invoke "java.util.Set.forEach(java.util.function.Consumer)" because the return value of "org.junit.jupiter.api.extension.ExtensionContext$Store.remove(Object, java.lang.Class)" is null
		at org.mockito.junit.jupiter.MockitoExtension.afterEach(MockitoExtension.java:184)
		... 2 more

nonprofitbookkeeping.service.ReconciliationServiceTest.testListReconcilableAccounts_transactionsForMultipleAccounts_returnsUniqueAccountIds -- Time elapsed: 0.002 s <<< ERROR!
org.mockito.exceptions.misusing.UnfinishedMockingSessionException: 

Unfinished mocking session detected.
Previous MockitoSession was not concluded with 'finishMocking()'.
For examples of correct usage see javadoc for MockitoSession class.
	at org.mockito.junit.jupiter.MockitoExtension.beforeEach(MockitoExtension.java:153)
	at java.base/java.util.ArrayList.forEach(ArrayList.java:1511)
	at java.base/java.util.ArrayList.forEach(ArrayList.java:1511)
	Suppressed: java.lang.NullPointerException: Cannot invoke "java.util.Set.forEach(java.util.function.Consumer)" because the return value of "org.junit.jupiter.api.extension.ExtensionContext$Store.remove(Object, java.lang.Class)" is null
		at org.mockito.junit.jupiter.MockitoExtension.afterEach(MockitoExtension.java:184)
		... 2 more

nonprofitbookkeeping.service.ReconciliationServiceTest.testListReconcilableAccounts_transactionsForOneAccount_returnsSingleAccountId -- Time elapsed: 0.001 s <<< ERROR!
org.mockito.exceptions.misusing.UnfinishedMockingSessionException: 

Unfinished mocking session detected.
Previous MockitoSession was not concluded with 'finishMocking()'.
For examples of correct usage see javadoc for MockitoSession class.
	at org.mockito.junit.jupiter.MockitoExtension.beforeEach(MockitoExtension.java:153)
	at java.base/java.util.ArrayList.forEach(ArrayList.java:1511)
	at java.base/java.util.ArrayList.forEach(ArrayList.java:1511)
	Suppressed: java.lang.NullPointerException: Cannot invoke "java.util.Set.forEach(java.util.function.Consumer)" because the return value of "org.junit.jupiter.api.extension.ExtensionContext$Store.remove(Object, java.lang.Class)" is null
		at org.mockito.junit.jupiter.MockitoExtension.afterEach(MockitoExtension.java:184)
		... 2 more

nonprofitbookkeeping.service.ReconciliationServiceTest.testReconcile_nullAccountId_noChange -- Time elapsed: 0.001 s <<< ERROR!
org.mockito.exceptions.misusing.UnfinishedMockingSessionException: 

Unfinished mocking session detected.
Previous MockitoSession was not concluded with 'finishMocking()'.
For examples of correct usage see javadoc for MockitoSession class.
	at org.mockito.junit.jupiter.MockitoExtension.beforeEach(MockitoExtension.java:153)
	at java.base/java.util.ArrayList.forEach(ArrayList.java:1511)
	at java.base/java.util.ArrayList.forEach(ArrayList.java:1511)
	Suppressed: java.lang.NullPointerException: Cannot invoke "java.util.Set.forEach(java.util.function.Consumer)" because the return value of "org.junit.jupiter.api.extension.ExtensionContext$Store.remove(Object, java.lang.Class)" is null
		at org.mockito.junit.jupiter.MockitoExtension.afterEach(MockitoExtension.java:184)
		... 2 more

nonprofitbookkeeping.service.ReconciliationServiceTest.testGetUnreconciled_nullAccountId_returnsEmptyList -- Time elapsed: 0.002 s <<< ERROR!
org.mockito.exceptions.misusing.UnfinishedMockingSessionException: 

Unfinished mocking session detected.
Previous MockitoSession was not concluded with 'finishMocking()'.
For examples of correct usage see javadoc for MockitoSession class.
	at org.mockito.junit.jupiter.MockitoExtension.beforeEach(MockitoExtension.java:153)
	at java.base/java.util.ArrayList.forEach(ArrayList.java:1511)
	at java.base/java.util.ArrayList.forEach(ArrayList.java:1511)
	Suppressed: java.lang.NullPointerException: Cannot invoke "java.util.Set.forEach(java.util.function.Consumer)" because the return value of "org.junit.jupiter.api.extension.ExtensionContext$Store.remove(Object, java.lang.Class)" is null
		at org.mockito.junit.jupiter.MockitoExtension.afterEach(MockitoExtension.java:184)
		... 2 more

nonprofitbookkeeping.service.ReconciliationServiceTest.testGetUnreconciled_transactionWithNullAccountNumber_isSkipped -- Time elapsed: 0.002 s <<< ERROR!
org.mockito.exceptions.misusing.UnfinishedMockingSessionException: 

Unfinished mocking session detected.
Previous MockitoSession was not concluded with 'finishMocking()'.
For examples of correct usage see javadoc for MockitoSession class.
	at org.mockito.junit.jupiter.MockitoExtension.beforeEach(MockitoExtension.java:153)
	at java.base/java.util.ArrayList.forEach(ArrayList.java:1511)
	at java.base/java.util.ArrayList.forEach(ArrayList.java:1511)
	Suppressed: java.lang.NullPointerException: Cannot invoke "java.util.Set.forEach(java.util.function.Consumer)" because the return value of "org.junit.jupiter.api.extension.ExtensionContext$Store.remove(Object, java.lang.Class)" is null
		at org.mockito.junit.jupiter.MockitoExtension.afterEach(MockitoExtension.java:184)
		... 2 more

nonprofitbookkeeping.service.ReconciliationServiceTest.testListReconcilableAccounts_withNullOrPartialTransactionData_handlesGracefully -- Time elapsed: 0.002 s <<< ERROR!
org.mockito.exceptions.misusing.UnfinishedMockingSessionException: 

Unfinished mocking session detected.
Previous MockitoSession was not concluded with 'finishMocking()'.
For examples of correct usage see javadoc for MockitoSession class.
	at org.mockito.junit.jupiter.MockitoExtension.beforeEach(MockitoExtension.java:153)
	at java.base/java.util.ArrayList.forEach(ArrayList.java:1511)
	at java.base/java.util.ArrayList.forEach(ArrayList.java:1511)
	Suppressed: java.lang.NullPointerException: Cannot invoke "java.util.Set.forEach(java.util.function.Consumer)" because the return value of "org.junit.jupiter.api.extension.ExtensionContext$Store.remove(Object, java.lang.Class)" is null
		at org.mockito.junit.jupiter.MockitoExtension.afterEach(MockitoExtension.java:184)
		... 2 more

