<?xml version="1.0" encoding="UTF-8"?>
<testsuite xmlns:xsi="http://www.w3.org/2001/XMLSchema-instance" xsi:noNamespaceSchemaLocation="https://maven.apache.org/surefire/maven-surefire-plugin/xsd/surefire-test-report.xsd" version="3.0.2" name="nonprofitbookkeeping.core.JacksonDataStorerMultipleEntriesTest" time="1.717" tests="1" errors="0" skipped="0" failures="0">
  <properties>
[...]
</properties>
  <testcase name="testLoadZipWithMultipleEntries" classname="nonprofitbookkeeping.core.JacksonDataStorerMultipleEntriesTest" time="1.715">
    <system-out><![CDATA[2025-08-23T23:29:42.696542200Z main DEBUG Apache Log4j Core 2.23 initializing configuration XmlConfiguration[location=C:\Users\benba\git\NonprofitAccounting\target\classes\log4j2.xml]
2025-08-23T23:29:42.699545Z main DEBUG PluginManager 'Core' found 131 plugins
2025-08-23T23:29:42.700546400Z main DEBUG PluginManager 'Level' found 0 plugins
2025-08-23T23:29:42.704544900Z main DEBUG PluginManager 'Lookup' found 16 plugins
2025-08-23T23:29:42.705544800Z main DEBUG Building Plugin[name=layout, class=org.apache.logging.log4j.core.layout.PatternLayout].
2025-08-23T23:29:42.727116600Z main DEBUG PluginManager 'TypeConverter' found 26 plugins
2025-08-23T23:29:42.746265600Z main DEBUG PatternLayout$Builder(pattern="%d{yyyy-MM-dd HH:mm:ss} %-5level [%thread] %logger{36} - %msg%n", PatternSelector=null, Configuration(C:\Users\benba\git\NonprofitAccounting\target\classes\log4j2.xml), Replace=null, charset="null", alwaysWriteExceptions="null", disableAnsi="null", noConsoleNoAnsi="null", header="null", footer="null")
2025-08-23T23:29:42.747265600Z main DEBUG PluginManager 'Converter' found 45 plugins
2025-08-23T23:29:42.754337800Z main DEBUG Building Plugin[name=appender, class=org.apache.logging.log4j.core.appender.ConsoleAppender].
2025-08-23T23:29:42.764264600Z main DEBUG ConsoleAppender$Builder(target="SYSTEM_OUT", follow="null", direct="null", bufferedIo="null", bufferSize="null", immediateFlush="null", ignoreExceptions="null", PatternLayout(%d{yyyy-MM-dd HH:mm:ss} %-5level [%thread] %logger{36} - %msg%n), name="Console", Configuration(C:\Users\benba\git\NonprofitAccounting\target\classes\log4j2.xml), Filter=null, ={})
2025-08-23T23:29:42.769305900Z main DEBUG Starting OutputStreamManager SYSTEM_OUT.false.false
2025-08-23T23:29:42.770298300Z main DEBUG Building Plugin[name=layout, class=org.apache.logging.log4j.core.layout.PatternLayout].
2025-08-23T23:29:42.772719200Z main DEBUG PatternLayout$Builder(pattern="%d{yyyy-MM-dd HH:mm:ss} %-5level [%thread] %logger{36} - %msg%n", PatternSelector=null, Configuration(C:\Users\benba\git\NonprofitAccounting\target\classes\log4j2.xml), Replace=null, charset="null", alwaysWriteExceptions="null", disableAnsi="null", noConsoleNoAnsi="null", header="null", footer="null")
2025-08-23T23:29:42.772719200Z main DEBUG Building Plugin[name=appender, class=org.apache.logging.log4j.core.appender.FileAppender].
2025-08-23T23:29:42.775769800Z main DEBUG FileAppender$Builder(fileName="logs/app.log", append="null", locking="null", advertise="null", advertiseUri="null", createOnDemand="null", filePermissions="null", fileOwner="null", fileGroup="null", bufferedIo="null", bufferSize="null", immediateFlush="null", ignoreExceptions="null", PatternLayout(%d{yyyy-MM-dd HH:mm:ss} %-5level [%thread] %logger{36} - %msg%n), name="File", Configuration(C:\Users\benba\git\NonprofitAccounting\target\classes\log4j2.xml), Filter=null, ={})
2025-08-23T23:29:42.779772700Z main DEBUG Starting FileManager logs/app.log
2025-08-23T23:29:42.779772700Z main DEBUG Building Plugin[name=appenders, class=org.apache.logging.log4j.core.config.AppendersPlugin].
2025-08-23T23:29:42.782197700Z main DEBUG createAppenders(={Console, File})
2025-08-23T23:29:42.782197700Z main DEBUG Building Plugin[name=AppenderRef, class=org.apache.logging.log4j.core.config.AppenderRef].
2025-08-23T23:29:42.786213700Z main DEBUG createAppenderRef(ref="Console", level="null", Filter=null)
2025-08-23T23:29:42.786213700Z main DEBUG Building Plugin[name=AppenderRef, class=org.apache.logging.log4j.core.config.AppenderRef].
2025-08-23T23:29:42.787253500Z main DEBUG createAppenderRef(ref="File", level="null", Filter=null)
2025-08-23T23:29:42.788252600Z main DEBUG Building Plugin[name=root, class=org.apache.logging.log4j.core.config.LoggerConfig$RootLogger].
2025-08-23T23:29:42.790281800Z main DEBUG LoggerConfig$RootLogger$Builder(additivity="null", level="INFO", levelAndRefs="null", includeLocation="null", ={Console, File}, ={}, Configuration(C:\Users\benba\git\NonprofitAccounting\target\classes\log4j2.xml), Filter=null)
2025-08-23T23:29:42.793255600Z main DEBUG Building Plugin[name=AppenderRef, class=org.apache.logging.log4j.core.config.AppenderRef].
2025-08-23T23:29:42.794269300Z main DEBUG createAppenderRef(ref="STDOUT", level="null", Filter=null)
2025-08-23T23:29:42.794269300Z main DEBUG Building Plugin[name=logger, class=org.apache.logging.log4j.core.config.LoggerConfig].
2025-08-23T23:29:42.799251Z main DEBUG LoggerConfig$Builder(additivity="false", level="DEBUG", levelAndRefs="null", name="com.fasterxml.jackson", includeLocation="null", ={STDOUT}, ={}, Configuration(C:\Users\benba\git\NonprofitAccounting\target\classes\log4j2.xml), Filter=null)
2025-08-23T23:29:42.799251Z main DEBUG Building Plugin[name=AppenderRef, class=org.apache.logging.log4j.core.config.AppenderRef].
2025-08-23T23:29:42.800210100Z main DEBUG createAppenderRef(ref="Console", level="null", Filter=null)
2025-08-23T23:29:42.800210100Z main DEBUG Building Plugin[name=logger, class=org.apache.logging.log4j.core.config.LoggerConfig].
2025-08-23T23:29:42.801214Z main DEBUG LoggerConfig$Builder(additivity="false", level="DEBUG", levelAndRefs="null", name="net.sf.jasperreports.engine", includeLocation="null", ={Console}, ={}, Configuration(C:\Users\benba\git\NonprofitAccounting\target\classes\log4j2.xml), Filter=null)
2025-08-23T23:29:42.802212500Z main DEBUG Building Plugin[name=AppenderRef, class=org.apache.logging.log4j.core.config.AppenderRef].
2025-08-23T23:29:42.803211Z main DEBUG createAppenderRef(ref="Console", level="null", Filter=null)
2025-08-23T23:29:42.803211Z main DEBUG Building Plugin[name=logger, class=org.apache.logging.log4j.core.config.LoggerConfig].
2025-08-23T23:29:42.804212200Z main DEBUG LoggerConfig$Builder(additivity="false", level="DEBUG", levelAndRefs="null", name="net.sf.jasperreports.engine.fill", includeLocation="null", ={Console}, ={}, Configuration(C:\Users\benba\git\NonprofitAccounting\target\classes\log4j2.xml), Filter=null)
2025-08-23T23:29:42.804212200Z main DEBUG Building Plugin[name=AppenderRef, class=org.apache.logging.log4j.core.config.AppenderRef].
2025-08-23T23:29:42.805214Z main DEBUG createAppenderRef(ref="Console", level="null", Filter=null)
2025-08-23T23:29:42.805214Z main DEBUG Building Plugin[name=logger, class=org.apache.logging.log4j.core.config.LoggerConfig].
2025-08-23T23:29:42.806250400Z main DEBUG LoggerConfig$Builder(additivity="false", level="DEBUG", levelAndRefs="null", name="net.sf.jasperreports.engine.compile", includeLocation="null", ={Console}, ={}, Configuration(C:\Users\benba\git\NonprofitAccounting\target\classes\log4j2.xml), Filter=null)
2025-08-23T23:29:42.807210100Z main DEBUG Building Plugin[name=AppenderRef, class=org.apache.logging.log4j.core.config.AppenderRef].
2025-08-23T23:29:42.807210100Z main DEBUG createAppenderRef(ref="Console", level="null", Filter=null)
2025-08-23T23:29:42.808257200Z main DEBUG Building Plugin[name=logger, class=org.apache.logging.log4j.core.config.LoggerConfig].
2025-08-23T23:29:42.809266700Z main DEBUG LoggerConfig$Builder(additivity="false", level="DEBUG", levelAndRefs="null", name="net.sf.jasperreports", includeLocation="null", ={Console}, ={}, Configuration(C:\Users\benba\git\NonprofitAccounting\target\classes\log4j2.xml), Filter=null)
2025-08-23T23:29:42.810249Z main DEBUG Building Plugin[name=loggers, class=org.apache.logging.log4j.core.config.LoggersPlugin].
2025-08-23T23:29:42.811259100Z main DEBUG createLoggers(={root, com.fasterxml.jackson, net.sf.jasperreports.engine, net.sf.jasperreports.engine.fill, net.sf.jasperreports.engine.compile, net.sf.jasperreports})
2025-08-23T23:29:42.811259100Z main ERROR Unable to locate appender "STDOUT" for logger config "com.fasterxml.jackson"
2025-08-23T23:29:42.813214700Z main DEBUG Configuration XmlConfiguration[location=C:\Users\benba\git\NonprofitAccounting\target\classes\log4j2.xml] initialized
2025-08-23T23:29:42.814210100Z main DEBUG Starting configuration XmlConfiguration[location=C:\Users\benba\git\NonprofitAccounting\target\classes\log4j2.xml]
2025-08-23T23:29:42.814210100Z main DEBUG Started configuration XmlConfiguration[location=C:\Users\benba\git\NonprofitAccounting\target\classes\log4j2.xml] OK.
2025-08-23T23:29:42.815247600Z main DEBUG Shutting down OutputStreamManager SYSTEM_OUT.false.false-1
2025-08-23T23:29:42.815247600Z main DEBUG OutputStream closed
2025-08-23T23:29:42.817232100Z main DEBUG Shut down OutputStreamManager SYSTEM_OUT.false.false-1, all resources released: true
2025-08-23T23:29:42.818209800Z main DEBUG Appender DefaultConsole-1 stopped with status true
2025-08-23T23:29:42.818209800Z main DEBUG Stopped org.apache.logging.log4j.core.config.DefaultConfiguration@574059d5 OK
2025-08-23T23:29:42.912376700Z main DEBUG Registering MBean org.apache.logging.log4j2:type=73d16e93
2025-08-23T23:29:42.918379Z main DEBUG Registering MBean org.apache.logging.log4j2:type=73d16e93,component=StatusLogger
2025-08-23T23:29:42.921376Z main DEBUG Registering MBean org.apache.logging.log4j2:type=73d16e93,component=ContextSelector
2025-08-23T23:29:42.923376600Z main DEBUG Registering MBean org.apache.logging.log4j2:type=73d16e93,component=Loggers,name=
2025-08-23T23:29:42.923376600Z main DEBUG Registering MBean org.apache.logging.log4j2:type=73d16e93,component=Loggers,name=net.sf.jasperreports.engine.compile
2025-08-23T23:29:42.924375800Z main DEBUG Registering MBean org.apache.logging.log4j2:type=73d16e93,component=Loggers,name=com.fasterxml.jackson
2025-08-23T23:29:42.925375600Z main DEBUG Registering MBean org.apache.logging.log4j2:type=73d16e93,component=Loggers,name=net.sf.jasperreports
2025-08-23T23:29:42.925375600Z main DEBUG Registering MBean org.apache.logging.log4j2:type=73d16e93,component=Loggers,name=net.sf.jasperreports.engine.fill
2025-08-23T23:29:42.926375400Z main DEBUG Registering MBean org.apache.logging.log4j2:type=73d16e93,component=Loggers,name=net.sf.jasperreports.engine
2025-08-23T23:29:42.929375900Z main DEBUG Registering MBean org.apache.logging.log4j2:type=73d16e93,component=Appenders,name=Console
2025-08-23T23:29:42.929375900Z main DEBUG Registering MBean org.apache.logging.log4j2:type=73d16e93,component=Appenders,name=File
2025-08-23T23:29:42.933373500Z main DEBUG org.apache.logging.log4j.core.util.SystemClock supports precise timestamps.
2025-08-23T23:29:42.933373500Z main DEBUG Reconfiguration complete for context[name=73d16e93] at URI C:\Users\benba\git\NonprofitAccounting\target\classes\log4j2.xml (org.apache.logging.log4j.core.LoggerContext@14b31e37) with optional ClassLoader: null
2025-08-23T23:29:42.933373500Z main DEBUG Shutdown hook enabled. Registering a new one.
2025-08-23T23:29:42.935376100Z main DEBUG LoggerContext[name=73d16e93, org.apache.logging.log4j.core.LoggerContext@14b31e37] started OK.
]]></system-out>
  </testcase>
</testsuite>