<?xml version="1.0" encoding="UTF-8"?>
<testsuite xmlns:xsi="http://www.w3.org/2001/XMLSchema-instance" xsi:noNamespaceSchemaLocation="https://maven.apache.org/surefire/maven-surefire-plugin/xsd/surefire-test-report.xsd" version="3.0.2" name="nonprofitbookkeeping.reports.ReportMetadataTest" time="0.009" tests="10" errors="0" skipped="0" failures="0">
  <properties>
[...]
</properties>
  <testcase name="testConstructorAndGetters_withEmptyFilePath" classname="nonprofitbookkeeping.reports.ReportMetadataTest" time="0.003"/>
  <testcase name="testConstructorAndGetters_withNullFilePath" classname="nonprofitbookkeeping.reports.ReportMetadataTest" time="0.0"/>
  <testcase name="testConstructorAndGetters_withEmptyCreated" classname="nonprofitbookkeeping.reports.ReportMetadataTest" time="0.0"/>
  <testcase name="testConstructorAndGetters_withValidInputs" classname="nonprofitbookkeeping.reports.ReportMetadataTest" time="0.0"/>
  <testcase name="testConstructorAndGetters_withAllEmpty" classname="nonprofitbookkeeping.reports.ReportMetadataTest" time="0.0"/>
  <testcase name="testConstructorAndGetters_withMixedNullAndEmpty" classname="nonprofitbookkeeping.reports.ReportMetadataTest" time="0.0"/>
  <testcase name="testConstructorAndGetters_withEmptyReportName" classname="nonprofitbookkeeping.reports.ReportMetadataTest" time="0.0"/>
  <testcase name="testConstructorAndGetters_withNullCreated" classname="nonprofitbookkeeping.reports.ReportMetadataTest" time="0.001"/>
  <testcase name="testConstructorAndGetters_withAllNull" classname="nonprofitbookkeeping.reports.ReportMetadataTest" time="0.0"/>
  <testcase name="testConstructorAndGetters_withNullReportName" classname="nonprofitbookkeeping.reports.ReportMetadataTest" time="0.0"/>
</testsuite>